[debug] > Exec(early(addDefaultCommands), None, None)
[debug] > Exec(addDefaultCommands, None, None)
[debug] > Exec(early(initialize), None, None)
[debug] > Exec(initialize, None, None)
[debug] > Exec(early(addPluginSbtFile="""C:\Users\User1\AppData\Local\Temp\idea.sbt"""), None, None)
[debug] > Exec(addPluginSbtFile="""C:\Users\User1\AppData\Local\Temp\idea.sbt""", None, None)
[debug] > Exec(boot, None, None)
[debug] > Exec(writeSbtVersion, None, None)
[debug] > Exec(reload, None, None)
[debug] > Exec(sbtStashOnFailure, None, None)
[debug] > Exec(onFailure loadFailed, None, None)
[debug] > Exec(loadp, None, None)
[info] welcome to sbt 1.4.7 (Oracle Corporation Java 15.0.2)
[debug]       Load.loadUnit: plugins took 265.5676ms
[debug]       Load.loadUnit: defsScala took 0.3186ms
[debug] [Loading] Scanning directory C:\Users\User1\.sbt\1.0\plugins
[debug] [Loading] Found non-root projects 
[debug] [Loading] Done in C:\Users\User1\.sbt\1.0\plugins, returning: ()
[debug] deducing auto plugins based on known facts Set(Atom(sbt.plugins.CorePlugin)) and clauses Clauses(List(Clause(Atom(sbt.plugins.JvmPlugin),Set(Atom(sbt.plugins.IvyPlugin))), Clause(Atom(sbt.ScriptedPlugin),Set(Atom(sbt.plugins.JvmPlugin))), Clause(Atom(sbt.plugins.SbtPlugin),Set(Atom(sbt.ScriptedPlugin))), Clause(Atom(sbt.plugins.SemanticdbPlugin),Set(Atom(sbt.plugins.JvmPlugin))), Clause(Atom(sbt.plugins.JUnitXmlReportPlugin),Set(Atom(sbt.plugins.JvmPlugin))), Clause(Atom(sbt.plugins.MiniDependencyTreePlugin),Set(Atom(sbt.plugins.JvmPlugin))), Clause(Atom(sbt.plugins.CorePlugin),Set(Atom(sbt.plugins.IvyPlugin))), Clause(Atom(sbt.plugins.IvyPlugin),Set(Atom(sbt.plugins.JvmPlugin))), Clause(Atom(sbt.plugins.JvmPlugin),Set(Atom(sbt.plugins.SemanticdbPlugin))), Clause(Atom(sbt.plugins.JvmPlugin),Set(Atom(sbt.plugins.JUnitXmlReportPlugin))), Clause(Atom(sbt.plugins.CorePlugin),Set(Atom(sbt.plugins.Giter8TemplatePlugin))), Clause(Atom(sbt.plugins.JvmPlugin),Set(Atom(sbt.plugins.MiniDependencyTreePlugin)))))
[debug]   :: deduced result: Matched(sbt.plugins.CorePlugin,sbt.plugins.Giter8TemplatePlugin,sbt.plugins.IvyPlugin,sbt.plugins.JvmPlugin,sbt.plugins.MiniDependencyTreePlugin,sbt.plugins.JUnitXmlReportPlugin,sbt.plugins.SemanticdbPlugin)
[debug] Plugins.deducer#function took 54.7847 ms
[debug]           Load.resolveProject(global-plugins) took 168.043ms
[debug]         Load.loadTransitive: finalizeProject(Project(id global-plugins, base: C:\Users\User1\.sbt\1.0\plugins, plugins: List(<none>))) took 259.8134ms
[debug] [Loading] Done in C:\Users\User1\.sbt\1.0\plugins, returning: (global-plugins)
[debug]       Load.loadUnit: loadedProjectsRaw took 320.6357ms
[debug]       Load.loadUnit: cleanEvalClasses took 0.5126ms
[debug]     Load.loadUnit(file:/C:/Users/User1/.sbt/1.0/plugins/, ...) took 622.7208ms
[debug]   Load.apply: load took 1260.0855ms
[debug]   Load.apply: resolveProjects took 15.4524ms
[debug]   Load.apply: finalTransforms took 199.4888ms
[debug]   Load.apply: config.delegates took 18.1228ms
[debug]   Load.apply: Def.make(settings)... took 3809.2523ms
[debug]   Load.apply: structureIndex took 209.2817ms
[debug]   Load.apply: mkStreams took 14.8978ms
[info] loading global plugins from C:\Users\User1\.sbt\1.0\plugins
[debug] Running task... Cancel: Signal, check cycles: false, forcegc: true
[debug] Load.defaultLoad until apply took 10244.9285ms
[debug]           Load.loadUnit: plugins took 69.9849ms
[debug]           Load.loadUnit: defsScala took 0.0131ms
[debug] [Loading] Scanning directory C:\Users\User1\IdeaProjects\OS2 animator\project
[debug]             Load.loadUnit: mkEval took 11.7133ms
[debug] [Loading] Found non-root projects 
[debug] [Loading] Done in C:\Users\User1\IdeaProjects\OS2 animator\project, returning: ()
[debug] deducing auto plugins based on known facts Set(Atom(sbt.plugins.CorePlugin)) and clauses Clauses(List(Clause(Atom(sbt.plugins.JvmPlugin),Set(Atom(sbt.plugins.IvyPlugin))), Clause(Atom(sbt.ScriptedPlugin),Set(Atom(sbt.plugins.JvmPlugin))), Clause(Atom(sbt.plugins.SbtPlugin),Set(Atom(sbt.ScriptedPlugin))), Clause(Atom(sbt.plugins.SemanticdbPlugin),Set(Atom(sbt.plugins.JvmPlugin))), Clause(Atom(sbt.plugins.JUnitXmlReportPlugin),Set(Atom(sbt.plugins.JvmPlugin))), Clause(Atom(sbt.plugins.MiniDependencyTreePlugin),Set(Atom(sbt.plugins.JvmPlugin))), Clause(Atom(sbt.plugins.CorePlugin),Set(Atom(sbt.plugins.IvyPlugin))), Clause(Atom(sbt.plugins.IvyPlugin),Set(Atom(sbt.plugins.JvmPlugin))), Clause(Atom(sbt.plugins.JvmPlugin),Set(Atom(sbt.plugins.SemanticdbPlugin))), Clause(Atom(sbt.plugins.JvmPlugin),Set(Atom(sbt.plugins.JUnitXmlReportPlugin))), Clause(Atom(sbt.plugins.CorePlugin),Set(Atom(sbt.plugins.Giter8TemplatePlugin))), Clause(Atom(sbt.plugins.JvmPlugin),Set(Atom(sbt.plugins.MiniDependencyTreePlugin)))))
[debug]   :: deduced result: Matched(sbt.plugins.CorePlugin,sbt.plugins.Giter8TemplatePlugin,sbt.plugins.IvyPlugin,sbt.plugins.JvmPlugin,sbt.plugins.MiniDependencyTreePlugin,sbt.plugins.JUnitXmlReportPlugin,sbt.plugins.SemanticdbPlugin)
[debug] Plugins.deducer#function took 3.6591 ms
[info] loading settings for project os2-animator-build from idea.sbt ...
[debug]               Load.resolveProject(os2-animator-build) took 9.5856ms
[debug]             Load.loadTransitive: finalizeProject(Project(id os2-animator-build, base: C:\Users\User1\IdeaProjects\OS2 animator\project, plugins: List(<none>))) took 14.8971ms
[debug] [Loading] Done in C:\Users\User1\IdeaProjects\OS2 animator\project, returning: (os2-animator-build)
[debug]           Load.loadUnit: loadedProjectsRaw took 1175.7341ms
[debug]           Load.loadUnit: cleanEvalClasses took 17.0921ms
[debug]         Load.loadUnit(file:/C:/Users/User1/IdeaProjects/OS2%20animator/project/, ...) took 1267.4793ms
[debug]       Load.apply: load took 1271.5533ms
[debug]       Load.apply: resolveProjects took 0.1396ms
[debug]       Load.apply: finalTransforms took 121.3382ms
[debug]       Load.apply: config.delegates took 0.5958ms
[debug]       Load.apply: Def.make(settings)... took 241.6886ms
[debug]       Load.apply: structureIndex took 55.3375ms
[debug]       Load.apply: mkStreams took 0.0023ms
[info] loading project definition from C:\Users\User1\IdeaProjects\OS2 animator\project
[debug] Running task... Cancel: Signal, check cycles: false, forcegc: true
[debug]     Load.loadUnit: plugins took 4497.1519ms
[debug]     Load.loadUnit: defsScala took 0.0031ms
[debug] [Loading] Scanning directory C:\Users\User1\IdeaProjects\OS2 animator
[debug]       Load.loadUnit: mkEval took 0.4157ms
[debug] [Loading] Found non-root projects 
[debug] [Loading] Done in C:\Users\User1\IdeaProjects\OS2 animator, returning: ()
[debug] deducing auto plugins based on known facts Set(Atom(sbt.plugins.CorePlugin)) and clauses Clauses(List(Clause(Atom(sbt.plugins.JvmPlugin),Set(Atom(sbt.plugins.IvyPlugin))), Clause(Atom(sbt.ScriptedPlugin),Set(Atom(sbt.plugins.JvmPlugin))), Clause(Atom(sbt.plugins.SbtPlugin),Set(Atom(sbt.ScriptedPlugin))), Clause(Atom(sbt.plugins.SemanticdbPlugin),Set(Atom(sbt.plugins.JvmPlugin))), Clause(Atom(sbt.plugins.JUnitXmlReportPlugin),Set(Atom(sbt.plugins.JvmPlugin))), Clause(Atom(sbt.plugins.MiniDependencyTreePlugin),Set(Atom(sbt.plugins.JvmPlugin))), Clause(Atom(org.jetbrains.sbt.StructurePlugin),Set(Atom(sbt.plugins.JvmPlugin))), Clause(Atom(org.jetbrains.sbt.IdeaShellPlugin),Set(Atom(sbt.plugins.JvmPlugin))), Clause(Atom(org.jetbrains.sbt.indices.SbtIntellijIndicesPlugin),Set(Atom(sbt.plugins.JvmPlugin))), Clause(Atom(sbt.plugins.CorePlugin),Set(Atom(sbt.plugins.IvyPlugin))), Clause(Atom(sbt.plugins.IvyPlugin),Set(Atom(sbt.plugins.JvmPlugin))), Clause(Atom(sbt.plugins.JvmPlugin),Set(Atom(sbt.plugins.SemanticdbPlugin))), Clause(Atom(sbt.plugins.JvmPlugin),Set(Atom(sbt.plugins.JUnitXmlReportPlugin))), Clause(Atom(sbt.plugins.CorePlugin),Set(Atom(sbt.plugins.Giter8TemplatePlugin))), Clause(Atom(sbt.plugins.JvmPlugin),Set(Atom(sbt.plugins.MiniDependencyTreePlugin))), Clause(Atom(sbt.plugins.JvmPlugin),Set(Atom(org.jetbrains.sbt.StructurePlugin))), Clause(Atom(sbt.plugins.JvmPlugin),Set(Atom(org.jetbrains.sbt.IdeaShellPlugin))), Clause(And(Set(Atom(sbt.plugins.CorePlugin), Atom(sbt.plugins.JvmPlugin))),Set(Atom(org.jetbrains.sbt.indices.SbtIntellijIndicesPlugin)))))
[debug]   :: deduced result: Matched(sbt.plugins.CorePlugin,sbt.plugins.Giter8TemplatePlugin,sbt.plugins.IvyPlugin,sbt.plugins.JvmPlugin,sbt.plugins.SemanticdbPlugin,org.jetbrains.sbt.indices.SbtIntellijIndicesPlugin,sbt.plugins.JUnitXmlReportPlugin,org.jetbrains.sbt.IdeaShellPlugin,org.jetbrains.sbt.StructurePlugin,sbt.plugins.MiniDependencyTreePlugin)
[debug] Plugins.deducer#function took 3.7846 ms
[info] loading settings for project os2-animator from build.sbt ...
[debug]         Load.resolveProject(os2-animator) took 39.146ms
[debug]       Load.loadTransitive: finalizeProject(Project(id os2-animator, base: C:\Users\User1\IdeaProjects\OS2 animator, plugins: List(<none>))) took 44.5553ms
[debug] [Loading] Done in C:\Users\User1\IdeaProjects\OS2 animator, returning: (os2-animator)
[debug]     Load.loadUnit: loadedProjectsRaw took 7688.9353ms
[debug]     Load.loadUnit: cleanEvalClasses took 41.5933ms
[debug]   Load.loadUnit(file:/C:/Users/User1/IdeaProjects/OS2%20animator/, ...) took 12228.7173ms
[debug] Load.apply: load took 12231.291ms
[debug] Load.apply: resolveProjects took 0.0962ms
[debug] Load.apply: finalTransforms took 39.3599ms
[debug] Load.apply: config.delegates took 0.3337ms
[debug] Load.apply: Def.make(settings)... took 124.0826ms
[debug] Load.apply: structureIndex took 30.3792ms
[debug] Load.apply: mkStreams took 0.0032ms
[info] set current project to OS2 animator (in build file:/C:/Users/User1/IdeaProjects/OS2%20animator/)
[debug] > Exec(sbtPopOnFailure, None, None)
[debug] > Exec(resumeFromFailure, None, None)
[debug] > Exec(notifyUsersAboutShell, None, None)
[debug] > Exec(iflast shell, None, None)
[debug] > Exec(; set ideaPort in Global := 50175 ; idea-shell, None, None)
[debug] > Exec(set ideaPort in Global := 50175, None, None)
[info] Defining Global / ideaPort
[info] The new value will be used by Compile / compile, Test / compile
[debug] Defining 
[debug] 	Global / ideaPort
[debug] 
[debug] The new value will be used by 
[debug] 	Compile / compile
[debug] 	Test / compile
[info] Reapplying settings...
[info] set current project to OS2 animator (in build file:/C:/Users/User1/IdeaProjects/OS2%20animator/)
[debug] > Exec(idea-shell, None, None)
