[debug] > Exec(early(addDefaultCommands), None, None)
[debug] > Exec(addDefaultCommands, None, None)
[debug] > Exec(early(initialize), None, None)
[debug] > Exec(initialize, None, None)
[debug] > Exec(early(addPluginSbtFile="""C:\Users\User1\AppData\Local\Temp\idea.sbt"""), None, None)
[debug] > Exec(addPluginSbtFile="""C:\Users\User1\AppData\Local\Temp\idea.sbt""", None, None)
[debug] > Exec(boot, None, None)
[debug] > Exec(writeSbtVersion, None, None)
[debug] > Exec(reload, None, None)
[debug] > Exec(sbtStashOnFailure, None, None)
[debug] > Exec(onFailure loadFailed, None, None)
[debug] > Exec(loadp, None, None)
[info] welcome to sbt 1.4.7 (AdoptOpenJDK Java 11.0.10)
[debug]       Load.loadUnit: plugins took 110.4928ms
[debug]       Load.loadUnit: defsScala took 0.3901ms
[debug] [Loading] Scanning directory C:\Users\User1\.sbt\1.0\plugins
[debug] [Loading] Found non-root projects 
[debug] [Loading] Done in C:\Users\User1\.sbt\1.0\plugins, returning: ()
[debug] deducing auto plugins based on known facts Set(Atom(sbt.plugins.CorePlugin)) and clauses Clauses(List(Clause(Atom(sbt.plugins.JvmPlugin),Set(Atom(sbt.plugins.IvyPlugin))), Clause(Atom(sbt.ScriptedPlugin),Set(Atom(sbt.plugins.JvmPlugin))), Clause(Atom(sbt.plugins.SbtPlugin),Set(Atom(sbt.ScriptedPlugin))), Clause(Atom(sbt.plugins.SemanticdbPlugin),Set(Atom(sbt.plugins.JvmPlugin))), Clause(Atom(sbt.plugins.JUnitXmlReportPlugin),Set(Atom(sbt.plugins.JvmPlugin))), Clause(Atom(sbt.plugins.MiniDependencyTreePlugin),Set(Atom(sbt.plugins.JvmPlugin))), Clause(Atom(sbt.plugins.CorePlugin),Set(Atom(sbt.plugins.IvyPlugin))), Clause(Atom(sbt.plugins.IvyPlugin),Set(Atom(sbt.plugins.JvmPlugin))), Clause(Atom(sbt.plugins.JvmPlugin),Set(Atom(sbt.plugins.SemanticdbPlugin))), Clause(Atom(sbt.plugins.JvmPlugin),Set(Atom(sbt.plugins.JUnitXmlReportPlugin))), Clause(Atom(sbt.plugins.CorePlugin),Set(Atom(sbt.plugins.Giter8TemplatePlugin))), Clause(Atom(sbt.plugins.JvmPlugin),Set(Atom(sbt.plugins.MiniDependencyTreePlugin)))))
[debug]   :: deduced result: Matched(sbt.plugins.CorePlugin,sbt.plugins.Giter8TemplatePlugin,sbt.plugins.IvyPlugin,sbt.plugins.JvmPlugin,sbt.plugins.MiniDependencyTreePlugin,sbt.plugins.JUnitXmlReportPlugin,sbt.plugins.SemanticdbPlugin)
[debug] Plugins.deducer#function took 24.1121 ms
[debug]           Load.resolveProject(global-plugins) took 83.2755ms
[debug]         Load.loadTransitive: finalizeProject(Project(id global-plugins, base: C:\Users\User1\.sbt\1.0\plugins, plugins: List(<none>))) took 142.6312ms
[debug] [Loading] Done in C:\Users\User1\.sbt\1.0\plugins, returning: (global-plugins)
[debug]       Load.loadUnit: loadedProjectsRaw took 170.6938ms
[debug]       Load.loadUnit: cleanEvalClasses took 0.3007ms
[debug]     Load.loadUnit(file:/C:/Users/User1/.sbt/1.0/plugins/, ...) took 303.1781ms
[debug]   Load.apply: load took 644.825ms
[debug]   Load.apply: resolveProjects took 7.75ms
[debug]   Load.apply: finalTransforms took 95.9621ms
[debug]   Load.apply: config.delegates took 20.7521ms
[debug]   Load.apply: Def.make(settings)... took 1818.4122ms
[debug]   Load.apply: structureIndex took 110.0702ms
[debug]   Load.apply: mkStreams took 2.1666ms
[info] loading global plugins from C:\Users\User1\.sbt\1.0\plugins
[debug] Running task... Cancel: Signal, check cycles: false, forcegc: true
[debug] Load.defaultLoad until apply took 5536.7404ms
[debug]           Load.loadUnit: plugins took 29.1652ms
[debug]           Load.loadUnit: defsScala took 0.0038ms
[debug] [Loading] Scanning directory C:\Users\User1\IdeaProjects\OS2 animator\project
[debug]             Load.loadUnit: mkEval took 7.4923ms
[debug] [Loading] Found non-root projects 
[debug] [Loading] Done in C:\Users\User1\IdeaProjects\OS2 animator\project, returning: ()
[debug] deducing auto plugins based on known facts Set(Atom(sbt.plugins.CorePlugin)) and clauses Clauses(List(Clause(Atom(sbt.plugins.JvmPlugin),Set(Atom(sbt.plugins.IvyPlugin))), Clause(Atom(sbt.ScriptedPlugin),Set(Atom(sbt.plugins.JvmPlugin))), Clause(Atom(sbt.plugins.SbtPlugin),Set(Atom(sbt.ScriptedPlugin))), Clause(Atom(sbt.plugins.SemanticdbPlugin),Set(Atom(sbt.plugins.JvmPlugin))), Clause(Atom(sbt.plugins.JUnitXmlReportPlugin),Set(Atom(sbt.plugins.JvmPlugin))), Clause(Atom(sbt.plugins.MiniDependencyTreePlugin),Set(Atom(sbt.plugins.JvmPlugin))), Clause(Atom(sbt.plugins.CorePlugin),Set(Atom(sbt.plugins.IvyPlugin))), Clause(Atom(sbt.plugins.IvyPlugin),Set(Atom(sbt.plugins.JvmPlugin))), Clause(Atom(sbt.plugins.JvmPlugin),Set(Atom(sbt.plugins.SemanticdbPlugin))), Clause(Atom(sbt.plugins.JvmPlugin),Set(Atom(sbt.plugins.JUnitXmlReportPlugin))), Clause(Atom(sbt.plugins.CorePlugin),Set(Atom(sbt.plugins.Giter8TemplatePlugin))), Clause(Atom(sbt.plugins.JvmPlugin),Set(Atom(sbt.plugins.MiniDependencyTreePlugin)))))
[debug]   :: deduced result: Matched(sbt.plugins.CorePlugin,sbt.plugins.Giter8TemplatePlugin,sbt.plugins.IvyPlugin,sbt.plugins.JvmPlugin,sbt.plugins.MiniDependencyTreePlugin,sbt.plugins.JUnitXmlReportPlugin,sbt.plugins.SemanticdbPlugin)
[debug] Plugins.deducer#function took 4.1876 ms
[info] loading settings for project os2-animator-build from idea.sbt ...
[debug]               Load.resolveProject(os2-animator-build) took 2.885ms
[debug]             Load.loadTransitive: finalizeProject(Project(id os2-animator-build, base: C:\Users\User1\IdeaProjects\OS2 animator\project, plugins: List(<none>))) took 7.6444ms
[debug] [Loading] Done in C:\Users\User1\IdeaProjects\OS2 animator\project, returning: (os2-animator-build)
[debug]           Load.loadUnit: loadedProjectsRaw took 235.9643ms
[debug]           Load.loadUnit: cleanEvalClasses took 4.8881ms
[debug]         Load.loadUnit(file:/C:/Users/User1/IdeaProjects/OS2%20animator/project/, ...) took 270.931ms
[debug]       Load.apply: load took 272.9275ms
[debug]       Load.apply: resolveProjects took 0.1152ms
[debug]       Load.apply: finalTransforms took 13.0683ms
[debug]       Load.apply: config.delegates took 0.4384ms
[debug]       Load.apply: Def.make(settings)... took 152.2808ms
[debug]       Load.apply: structureIndex took 43.9992ms
[debug]       Load.apply: mkStreams took 0.0092ms
[info] loading project definition from C:\Users\User1\IdeaProjects\OS2 animator\project
[debug] Running task... Cancel: Signal, check cycles: false, forcegc: true
[debug]     Load.loadUnit: plugins took 2238.8742ms
[debug]     Load.loadUnit: defsScala took 0.0059ms
[debug] [Loading] Scanning directory C:\Users\User1\IdeaProjects\OS2 animator
[debug]       Load.loadUnit: mkEval took 0.2403ms
[debug] [Loading] Found non-root projects 
[debug] [Loading] Done in C:\Users\User1\IdeaProjects\OS2 animator, returning: ()
[debug] deducing auto plugins based on known facts Set(Atom(sbt.plugins.CorePlugin)) and clauses Clauses(List(Clause(Atom(sbt.plugins.JvmPlugin),Set(Atom(sbt.plugins.IvyPlugin))), Clause(Atom(sbt.ScriptedPlugin),Set(Atom(sbt.plugins.JvmPlugin))), Clause(Atom(sbt.plugins.SbtPlugin),Set(Atom(sbt.ScriptedPlugin))), Clause(Atom(sbt.plugins.SemanticdbPlugin),Set(Atom(sbt.plugins.JvmPlugin))), Clause(Atom(sbt.plugins.JUnitXmlReportPlugin),Set(Atom(sbt.plugins.JvmPlugin))), Clause(Atom(sbt.plugins.MiniDependencyTreePlugin),Set(Atom(sbt.plugins.JvmPlugin))), Clause(Atom(org.jetbrains.sbt.StructurePlugin),Set(Atom(sbt.plugins.JvmPlugin))), Clause(Atom(org.jetbrains.sbt.IdeaShellPlugin),Set(Atom(sbt.plugins.JvmPlugin))), Clause(Atom(org.jetbrains.sbt.indices.SbtIntellijIndicesPlugin),Set(Atom(sbt.plugins.JvmPlugin))), Clause(Atom(sbt.plugins.CorePlugin),Set(Atom(sbt.plugins.IvyPlugin))), Clause(Atom(sbt.plugins.IvyPlugin),Set(Atom(sbt.plugins.JvmPlugin))), Clause(Atom(sbt.plugins.JvmPlugin),Set(Atom(sbt.plugins.SemanticdbPlugin))), Clause(Atom(sbt.plugins.JvmPlugin),Set(Atom(sbt.plugins.JUnitXmlReportPlugin))), Clause(Atom(sbt.plugins.CorePlugin),Set(Atom(sbt.plugins.Giter8TemplatePlugin))), Clause(Atom(sbt.plugins.JvmPlugin),Set(Atom(sbt.plugins.MiniDependencyTreePlugin))), Clause(Atom(sbt.plugins.JvmPlugin),Set(Atom(org.jetbrains.sbt.StructurePlugin))), Clause(Atom(sbt.plugins.JvmPlugin),Set(Atom(org.jetbrains.sbt.IdeaShellPlugin))), Clause(And(Set(Atom(sbt.plugins.CorePlugin), Atom(sbt.plugins.JvmPlugin))),Set(Atom(org.jetbrains.sbt.indices.SbtIntellijIndicesPlugin)))))
[debug]   :: deduced result: Matched(sbt.plugins.CorePlugin,sbt.plugins.Giter8TemplatePlugin,sbt.plugins.IvyPlugin,sbt.plugins.JvmPlugin,sbt.plugins.SemanticdbPlugin,org.jetbrains.sbt.indices.SbtIntellijIndicesPlugin,sbt.plugins.JUnitXmlReportPlugin,org.jetbrains.sbt.IdeaShellPlugin,org.jetbrains.sbt.StructurePlugin,sbt.plugins.MiniDependencyTreePlugin)
[debug] Plugins.deducer#function took 4.9184 ms
[info] loading settings for project os2-animator from build.sbt ...
[debug]         Load.resolveProject(os2-animator) took 67.4251ms
[debug]       Load.loadTransitive: finalizeProject(Project(id os2-animator, base: C:\Users\User1\IdeaProjects\OS2 animator, plugins: List(<none>))) took 73.7526ms
[debug] [Loading] Done in C:\Users\User1\IdeaProjects\OS2 animator, returning: (os2-animator)
[debug]     Load.loadUnit: loadedProjectsRaw took 5264.0274ms
[debug]     Load.loadUnit: cleanEvalClasses took 29.2143ms
[debug]   Load.loadUnit(file:/C:/Users/User1/IdeaProjects/OS2%20animator/, ...) took 7532.8042ms
[debug] Load.apply: load took 7535.6042ms
[debug] Load.apply: resolveProjects took 0.1254ms
[debug] Load.apply: finalTransforms took 26.5703ms
[debug] Load.apply: config.delegates took 0.286ms
[debug] Load.apply: Def.make(settings)... took 103.2724ms
[debug] Load.apply: structureIndex took 23.7118ms
[debug] Load.apply: mkStreams took 0.0019ms
[info] set current project to OS2 animator (in build file:/C:/Users/User1/IdeaProjects/OS2%20animator/)
[debug] > Exec(sbtPopOnFailure, None, None)
[debug] > Exec(resumeFromFailure, None, None)
[debug] > Exec(notifyUsersAboutShell, None, None)
[debug] > Exec(iflast shell, None, None)
[debug] > Exec(; set ideaPort in Global := 50472 ; idea-shell, None, None)
[debug] > Exec(set ideaPort in Global := 50472, None, None)
[info] Defining Global / ideaPort
[info] The new value will be used by Compile / compile, Test / compile
[debug] Defining 
[debug] 	Global / ideaPort
[debug] 
[debug] The new value will be used by 
[debug] 	Compile / compile
[debug] 	Test / compile
[info] Reapplying settings...
[info] set current project to OS2 animator (in build file:/C:/Users/User1/IdeaProjects/OS2%20animator/)
[debug] > Exec(idea-shell, None, None)
