[debug] > Exec(early(addDefaultCommands), None, None)
[debug] > Exec(addDefaultCommands, None, None)
[debug] > Exec(early(initialize), None, None)
[debug] > Exec(initialize, None, None)
[debug] > Exec(early(addPluginSbtFile="""C:\Users\User1\AppData\Local\Temp\idea.sbt"""), None, None)
[debug] > Exec(addPluginSbtFile="""C:\Users\User1\AppData\Local\Temp\idea.sbt""", None, None)
[debug] > Exec(boot, None, None)
[debug] > Exec(writeSbtVersion, None, None)
[debug] > Exec(reload, None, None)
[debug] > Exec(sbtStashOnFailure, None, None)
[debug] > Exec(onFailure loadFailed, None, None)
[debug] > Exec(loadp, None, None)
[info] welcome to sbt 1.4.7 (Oracle Corporation Java 15.0.2)
[debug]       Load.loadUnit: plugins took 95.7989ms
[debug]       Load.loadUnit: defsScala took 0.2884ms
[debug] [Loading] Scanning directory C:\Users\User1\.sbt\1.0\plugins
[debug] [Loading] Found non-root projects 
[debug] [Loading] Done in C:\Users\User1\.sbt\1.0\plugins, returning: ()
[debug] deducing auto plugins based on known facts Set(Atom(sbt.plugins.CorePlugin)) and clauses Clauses(List(Clause(Atom(sbt.plugins.JvmPlugin),Set(Atom(sbt.plugins.IvyPlugin))), Clause(Atom(sbt.ScriptedPlugin),Set(Atom(sbt.plugins.JvmPlugin))), Clause(Atom(sbt.plugins.SbtPlugin),Set(Atom(sbt.ScriptedPlugin))), Clause(Atom(sbt.plugins.SemanticdbPlugin),Set(Atom(sbt.plugins.JvmPlugin))), Clause(Atom(sbt.plugins.JUnitXmlReportPlugin),Set(Atom(sbt.plugins.JvmPlugin))), Clause(Atom(sbt.plugins.MiniDependencyTreePlugin),Set(Atom(sbt.plugins.JvmPlugin))), Clause(Atom(sbt.plugins.CorePlugin),Set(Atom(sbt.plugins.IvyPlugin))), Clause(Atom(sbt.plugins.IvyPlugin),Set(Atom(sbt.plugins.JvmPlugin))), Clause(Atom(sbt.plugins.JvmPlugin),Set(Atom(sbt.plugins.SemanticdbPlugin))), Clause(Atom(sbt.plugins.JvmPlugin),Set(Atom(sbt.plugins.JUnitXmlReportPlugin))), Clause(Atom(sbt.plugins.CorePlugin),Set(Atom(sbt.plugins.Giter8TemplatePlugin))), Clause(Atom(sbt.plugins.JvmPlugin),Set(Atom(sbt.plugins.MiniDependencyTreePlugin)))))
[debug]   :: deduced result: Matched(sbt.plugins.CorePlugin,sbt.plugins.Giter8TemplatePlugin,sbt.plugins.IvyPlugin,sbt.plugins.JvmPlugin,sbt.plugins.MiniDependencyTreePlugin,sbt.plugins.JUnitXmlReportPlugin,sbt.plugins.SemanticdbPlugin)
[debug] Plugins.deducer#function took 21.802 ms
[debug]           Load.resolveProject(global-plugins) took 42.8728ms
[debug]         Load.loadTransitive: finalizeProject(Project(id global-plugins, base: C:\Users\User1\.sbt\1.0\plugins, plugins: List(<none>))) took 88.3765ms
[debug] [Loading] Done in C:\Users\User1\.sbt\1.0\plugins, returning: (global-plugins)
[debug]       Load.loadUnit: loadedProjectsRaw took 110.5688ms
[debug]       Load.loadUnit: cleanEvalClasses took 0.2965ms
[debug]     Load.loadUnit(file:/C:/Users/User1/.sbt/1.0/plugins/, ...) took 216.6831ms
[debug]   Load.apply: load took 526.0229ms
[debug]   Load.apply: resolveProjects took 5.9008ms
[debug]   Load.apply: finalTransforms took 56.6265ms
[debug]   Load.apply: config.delegates took 6.5352ms
[debug]   Load.apply: Def.make(settings)... took 2960.1577ms
[debug]   Load.apply: structureIndex took 108.3147ms
[debug]   Load.apply: mkStreams took 1.7675ms
[info] loading global plugins from C:\Users\User1\.sbt\1.0\plugins
[debug] Running task... Cancel: Signal, check cycles: false, forcegc: true
[debug] Load.defaultLoad until apply took 6079.283ms
[debug]           Load.loadUnit: plugins took 30.3333ms
[debug]           Load.loadUnit: defsScala took 0.004ms
[debug] [Loading] Scanning directory C:\Users\User1\IdeaProjects\OS2 animator\project
[debug]             Load.loadUnit: mkEval took 5.712ms
[debug] [Loading] Found non-root projects 
[debug] [Loading] Done in C:\Users\User1\IdeaProjects\OS2 animator\project, returning: ()
[debug] deducing auto plugins based on known facts Set(Atom(sbt.plugins.CorePlugin)) and clauses Clauses(List(Clause(Atom(sbt.plugins.JvmPlugin),Set(Atom(sbt.plugins.IvyPlugin))), Clause(Atom(sbt.ScriptedPlugin),Set(Atom(sbt.plugins.JvmPlugin))), Clause(Atom(sbt.plugins.SbtPlugin),Set(Atom(sbt.ScriptedPlugin))), Clause(Atom(sbt.plugins.SemanticdbPlugin),Set(Atom(sbt.plugins.JvmPlugin))), Clause(Atom(sbt.plugins.JUnitXmlReportPlugin),Set(Atom(sbt.plugins.JvmPlugin))), Clause(Atom(sbt.plugins.MiniDependencyTreePlugin),Set(Atom(sbt.plugins.JvmPlugin))), Clause(Atom(sbt.plugins.CorePlugin),Set(Atom(sbt.plugins.IvyPlugin))), Clause(Atom(sbt.plugins.IvyPlugin),Set(Atom(sbt.plugins.JvmPlugin))), Clause(Atom(sbt.plugins.JvmPlugin),Set(Atom(sbt.plugins.SemanticdbPlugin))), Clause(Atom(sbt.plugins.JvmPlugin),Set(Atom(sbt.plugins.JUnitXmlReportPlugin))), Clause(Atom(sbt.plugins.CorePlugin),Set(Atom(sbt.plugins.Giter8TemplatePlugin))), Clause(Atom(sbt.plugins.JvmPlugin),Set(Atom(sbt.plugins.MiniDependencyTreePlugin)))))
[debug]   :: deduced result: Matched(sbt.plugins.CorePlugin,sbt.plugins.Giter8TemplatePlugin,sbt.plugins.IvyPlugin,sbt.plugins.JvmPlugin,sbt.plugins.MiniDependencyTreePlugin,sbt.plugins.JUnitXmlReportPlugin,sbt.plugins.SemanticdbPlugin)
[debug] Plugins.deducer#function took 2.1848 ms
[info] loading settings for project os2-animator-build from idea.sbt ...
[debug]               Load.resolveProject(os2-animator-build) took 2.8643ms
[debug]             Load.loadTransitive: finalizeProject(Project(id os2-animator-build, base: C:\Users\User1\IdeaProjects\OS2 animator\project, plugins: List(<none>))) took 5.7612ms
[debug] [Loading] Done in C:\Users\User1\IdeaProjects\OS2 animator\project, returning: (os2-animator-build)
[debug]           Load.loadUnit: loadedProjectsRaw took 226.8836ms
[debug]           Load.loadUnit: cleanEvalClasses took 5.8255ms
[debug]         Load.loadUnit(file:/C:/Users/User1/IdeaProjects/OS2%20animator/project/, ...) took 264.151ms
[debug]       Load.apply: load took 265.9013ms
[debug]       Load.apply: resolveProjects took 0.1133ms
[debug]       Load.apply: finalTransforms took 20.5532ms
[debug]       Load.apply: config.delegates took 0.3335ms
[debug]       Load.apply: Def.make(settings)... took 97.0862ms
[debug]       Load.apply: structureIndex took 33.1833ms
[debug]       Load.apply: mkStreams took 0.0023ms
[info] loading project definition from C:\Users\User1\IdeaProjects\OS2 animator\project
[debug] Running task... Cancel: Signal, check cycles: false, forcegc: true
[debug]     Load.loadUnit: plugins took 2013.1981ms
[debug]     Load.loadUnit: defsScala took 0.0026ms
[debug] [Loading] Scanning directory C:\Users\User1\IdeaProjects\OS2 animator
[debug]       Load.loadUnit: mkEval took 0.2565ms
[debug] [Loading] Found non-root projects 
[debug] [Loading] Done in C:\Users\User1\IdeaProjects\OS2 animator, returning: ()
[debug] deducing auto plugins based on known facts Set(Atom(sbt.plugins.CorePlugin)) and clauses Clauses(List(Clause(Atom(sbt.plugins.JvmPlugin),Set(Atom(sbt.plugins.IvyPlugin))), Clause(Atom(sbt.ScriptedPlugin),Set(Atom(sbt.plugins.JvmPlugin))), Clause(Atom(sbt.plugins.SbtPlugin),Set(Atom(sbt.ScriptedPlugin))), Clause(Atom(sbt.plugins.SemanticdbPlugin),Set(Atom(sbt.plugins.JvmPlugin))), Clause(Atom(sbt.plugins.JUnitXmlReportPlugin),Set(Atom(sbt.plugins.JvmPlugin))), Clause(Atom(sbt.plugins.MiniDependencyTreePlugin),Set(Atom(sbt.plugins.JvmPlugin))), Clause(Atom(org.jetbrains.sbt.StructurePlugin),Set(Atom(sbt.plugins.JvmPlugin))), Clause(Atom(org.jetbrains.sbt.IdeaShellPlugin),Set(Atom(sbt.plugins.JvmPlugin))), Clause(Atom(org.jetbrains.sbt.indices.SbtIntellijIndicesPlugin),Set(Atom(sbt.plugins.JvmPlugin))), Clause(Atom(sbt.plugins.CorePlugin),Set(Atom(sbt.plugins.IvyPlugin))), Clause(Atom(sbt.plugins.IvyPlugin),Set(Atom(sbt.plugins.JvmPlugin))), Clause(Atom(sbt.plugins.JvmPlugin),Set(Atom(sbt.plugins.SemanticdbPlugin))), Clause(Atom(sbt.plugins.JvmPlugin),Set(Atom(sbt.plugins.JUnitXmlReportPlugin))), Clause(Atom(sbt.plugins.CorePlugin),Set(Atom(sbt.plugins.Giter8TemplatePlugin))), Clause(Atom(sbt.plugins.JvmPlugin),Set(Atom(sbt.plugins.MiniDependencyTreePlugin))), Clause(Atom(sbt.plugins.JvmPlugin),Set(Atom(org.jetbrains.sbt.StructurePlugin))), Clause(Atom(sbt.plugins.JvmPlugin),Set(Atom(org.jetbrains.sbt.IdeaShellPlugin))), Clause(And(Set(Atom(sbt.plugins.CorePlugin), Atom(sbt.plugins.JvmPlugin))),Set(Atom(org.jetbrains.sbt.indices.SbtIntellijIndicesPlugin)))))
[debug]   :: deduced result: Matched(sbt.plugins.CorePlugin,sbt.plugins.Giter8TemplatePlugin,sbt.plugins.IvyPlugin,sbt.plugins.JvmPlugin,sbt.plugins.SemanticdbPlugin,org.jetbrains.sbt.indices.SbtIntellijIndicesPlugin,sbt.plugins.JUnitXmlReportPlugin,org.jetbrains.sbt.IdeaShellPlugin,org.jetbrains.sbt.StructurePlugin,sbt.plugins.MiniDependencyTreePlugin)
[debug] Plugins.deducer#function took 2.1266 ms
[info] loading settings for project os2-animator from build.sbt ...
[debug]         Load.resolveProject(os2-animator) took 52.9573ms
[debug]       Load.loadTransitive: finalizeProject(Project(id os2-animator, base: C:\Users\User1\IdeaProjects\OS2 animator, plugins: List(<none>))) took 56.452ms
[debug] [Loading] Done in C:\Users\User1\IdeaProjects\OS2 animator, returning: (os2-animator)
[debug]     Load.loadUnit: loadedProjectsRaw took 3993.9839ms
[debug]     Load.loadUnit: cleanEvalClasses took 36.2024ms
[debug]   Load.loadUnit(file:/C:/Users/User1/IdeaProjects/OS2%20animator/, ...) took 6044.199ms
[debug] Load.apply: load took 6047.0532ms
[debug] Load.apply: resolveProjects took 0.1138ms
[debug] Load.apply: finalTransforms took 30.0204ms
[debug] Load.apply: config.delegates took 0.3634ms
[debug] Load.apply: Def.make(settings)... took 136.2878ms
[debug] Load.apply: structureIndex took 27.59ms
[debug] Load.apply: mkStreams took 0.002ms
[info] set current project to OS2 animator (in build file:/C:/Users/User1/IdeaProjects/OS2%20animator/)
[debug] > Exec(sbtPopOnFailure, None, None)
[debug] > Exec(resumeFromFailure, None, None)
[debug] > Exec(notifyUsersAboutShell, None, None)
[debug] > Exec(iflast shell, None, None)
[debug] > Exec(; set ideaPort in Global := 50558 ; idea-shell, None, None)
[debug] > Exec(set ideaPort in Global := 50558, None, None)
[info] Defining Global / ideaPort
[info] The new value will be used by Compile / compile, Test / compile
[debug] Defining 
[debug] 	Global / ideaPort
[debug] 
[debug] The new value will be used by 
[debug] 	Compile / compile
[debug] 	Test / compile
[info] Reapplying settings...
[info] set current project to OS2 animator (in build file:/C:/Users/User1/IdeaProjects/OS2%20animator/)
[debug] > Exec(idea-shell, None, None)
