[debug] > Exec(early(addDefaultCommands), None, None)
[debug] > Exec(addDefaultCommands, None, None)
[debug] > Exec(early(initialize), None, None)
[debug] > Exec(initialize, None, None)
[debug] > Exec(early(addPluginSbtFile="""C:\Users\User1\AppData\Local\Temp\idea.sbt"""), None, None)
[debug] > Exec(addPluginSbtFile="""C:\Users\User1\AppData\Local\Temp\idea.sbt""", None, None)
[debug] > Exec(boot, None, None)
[debug] > Exec(writeSbtVersion, None, None)
[debug] > Exec(reload, None, None)
[debug] > Exec(sbtStashOnFailure, None, None)
[debug] > Exec(onFailure loadFailed, None, None)
[debug] > Exec(loadp, None, None)
[info] welcome to sbt 1.4.7 (AdoptOpenJDK Java 11.0.10)
[debug]       Load.loadUnit: plugins took 71.9046ms
[debug]       Load.loadUnit: defsScala took 0.2283ms
[debug] [Loading] Scanning directory C:\Users\User1\.sbt\1.0\plugins
[debug] [Loading] Found non-root projects 
[debug] [Loading] Done in C:\Users\User1\.sbt\1.0\plugins, returning: ()
[debug] deducing auto plugins based on known facts Set(Atom(sbt.plugins.CorePlugin)) and clauses Clauses(List(Clause(Atom(sbt.plugins.JvmPlugin),Set(Atom(sbt.plugins.IvyPlugin))), Clause(Atom(sbt.ScriptedPlugin),Set(Atom(sbt.plugins.JvmPlugin))), Clause(Atom(sbt.plugins.SbtPlugin),Set(Atom(sbt.ScriptedPlugin))), Clause(Atom(sbt.plugins.SemanticdbPlugin),Set(Atom(sbt.plugins.JvmPlugin))), Clause(Atom(sbt.plugins.JUnitXmlReportPlugin),Set(Atom(sbt.plugins.JvmPlugin))), Clause(Atom(sbt.plugins.MiniDependencyTreePlugin),Set(Atom(sbt.plugins.JvmPlugin))), Clause(Atom(sbt.plugins.CorePlugin),Set(Atom(sbt.plugins.IvyPlugin))), Clause(Atom(sbt.plugins.IvyPlugin),Set(Atom(sbt.plugins.JvmPlugin))), Clause(Atom(sbt.plugins.JvmPlugin),Set(Atom(sbt.plugins.SemanticdbPlugin))), Clause(Atom(sbt.plugins.JvmPlugin),Set(Atom(sbt.plugins.JUnitXmlReportPlugin))), Clause(Atom(sbt.plugins.CorePlugin),Set(Atom(sbt.plugins.Giter8TemplatePlugin))), Clause(Atom(sbt.plugins.JvmPlugin),Set(Atom(sbt.plugins.MiniDependencyTreePlugin)))))
[debug]   :: deduced result: Matched(sbt.plugins.CorePlugin,sbt.plugins.Giter8TemplatePlugin,sbt.plugins.IvyPlugin,sbt.plugins.JvmPlugin,sbt.plugins.MiniDependencyTreePlugin,sbt.plugins.JUnitXmlReportPlugin,sbt.plugins.SemanticdbPlugin)
[debug] Plugins.deducer#function took 20.107 ms
[debug]           Load.resolveProject(global-plugins) took 48.9903ms
[debug]         Load.loadTransitive: finalizeProject(Project(id global-plugins, base: C:\Users\User1\.sbt\1.0\plugins, plugins: List(<none>))) took 83.1425ms
[debug] [Loading] Done in C:\Users\User1\.sbt\1.0\plugins, returning: (global-plugins)
[debug]       Load.loadUnit: loadedProjectsRaw took 105.8123ms
[debug]       Load.loadUnit: cleanEvalClasses took 0.2049ms
[debug]     Load.loadUnit(file:/C:/Users/User1/.sbt/1.0/plugins/, ...) took 185.1244ms
[debug]   Load.apply: load took 528.343ms
[debug]   Load.apply: resolveProjects took 5.4787ms
[debug]   Load.apply: finalTransforms took 86.4698ms
[debug]   Load.apply: config.delegates took 5.7822ms
[debug]   Load.apply: Def.make(settings)... took 2893.1525ms
[debug]   Load.apply: structureIndex took 196.7799ms
[debug]   Load.apply: mkStreams took 2.4668ms
[info] loading global plugins from C:\Users\User1\.sbt\1.0\plugins
[debug] Running task... Cancel: Signal, check cycles: false, forcegc: true
[debug] Load.defaultLoad until apply took 6480.1102ms
[debug]           Load.loadUnit: plugins took 24.8208ms
[debug]           Load.loadUnit: defsScala took 0.0044ms
[debug] [Loading] Scanning directory C:\Users\User1\IdeaProjects\OS2 animator\project
[debug]             Load.loadUnit: mkEval took 4.4848ms
[debug] [Loading] Found non-root projects 
[debug] [Loading] Done in C:\Users\User1\IdeaProjects\OS2 animator\project, returning: ()
[debug] deducing auto plugins based on known facts Set(Atom(sbt.plugins.CorePlugin)) and clauses Clauses(List(Clause(Atom(sbt.plugins.JvmPlugin),Set(Atom(sbt.plugins.IvyPlugin))), Clause(Atom(sbt.ScriptedPlugin),Set(Atom(sbt.plugins.JvmPlugin))), Clause(Atom(sbt.plugins.SbtPlugin),Set(Atom(sbt.ScriptedPlugin))), Clause(Atom(sbt.plugins.SemanticdbPlugin),Set(Atom(sbt.plugins.JvmPlugin))), Clause(Atom(sbt.plugins.JUnitXmlReportPlugin),Set(Atom(sbt.plugins.JvmPlugin))), Clause(Atom(sbt.plugins.MiniDependencyTreePlugin),Set(Atom(sbt.plugins.JvmPlugin))), Clause(Atom(sbt.plugins.CorePlugin),Set(Atom(sbt.plugins.IvyPlugin))), Clause(Atom(sbt.plugins.IvyPlugin),Set(Atom(sbt.plugins.JvmPlugin))), Clause(Atom(sbt.plugins.JvmPlugin),Set(Atom(sbt.plugins.SemanticdbPlugin))), Clause(Atom(sbt.plugins.JvmPlugin),Set(Atom(sbt.plugins.JUnitXmlReportPlugin))), Clause(Atom(sbt.plugins.CorePlugin),Set(Atom(sbt.plugins.Giter8TemplatePlugin))), Clause(Atom(sbt.plugins.JvmPlugin),Set(Atom(sbt.plugins.MiniDependencyTreePlugin)))))
[debug]   :: deduced result: Matched(sbt.plugins.CorePlugin,sbt.plugins.Giter8TemplatePlugin,sbt.plugins.IvyPlugin,sbt.plugins.JvmPlugin,sbt.plugins.MiniDependencyTreePlugin,sbt.plugins.JUnitXmlReportPlugin,sbt.plugins.SemanticdbPlugin)
[debug] Plugins.deducer#function took 2.9435 ms
[info] loading settings for project os2-animator-build from idea.sbt ...
[debug]               Load.resolveProject(os2-animator-build) took 4.9081ms
[debug]             Load.loadTransitive: finalizeProject(Project(id os2-animator-build, base: C:\Users\User1\IdeaProjects\OS2 animator\project, plugins: List(<none>))) took 8.4916ms
[debug] [Loading] Done in C:\Users\User1\IdeaProjects\OS2 animator\project, returning: (os2-animator-build)
[debug]           Load.loadUnit: loadedProjectsRaw took 278.2598ms
[debug]           Load.loadUnit: cleanEvalClasses took 3.6959ms
[debug]         Load.loadUnit(file:/C:/Users/User1/IdeaProjects/OS2%20animator/project/, ...) took 307.8044ms
[debug]       Load.apply: load took 310.3111ms
[debug]       Load.apply: resolveProjects took 0.1486ms
[debug]       Load.apply: finalTransforms took 21.3143ms
[debug]       Load.apply: config.delegates took 0.5466ms
[debug]       Load.apply: Def.make(settings)... took 134.2427ms
[debug]       Load.apply: structureIndex took 67.6238ms
[debug]       Load.apply: mkStreams took 0.0025ms
[info] loading project definition from C:\Users\User1\IdeaProjects\OS2 animator\project
[debug] Running task... Cancel: Signal, check cycles: false, forcegc: true
[debug]     Load.loadUnit: plugins took 2494.2776ms
[debug]     Load.loadUnit: defsScala took 0.0081ms
[debug] [Loading] Scanning directory C:\Users\User1\IdeaProjects\OS2 animator
[debug]       Load.loadUnit: mkEval took 0.4209ms
[debug] [Loading] Found non-root projects 
[debug] [Loading] Done in C:\Users\User1\IdeaProjects\OS2 animator, returning: ()
[debug] deducing auto plugins based on known facts Set(Atom(sbt.plugins.CorePlugin)) and clauses Clauses(List(Clause(Atom(sbt.plugins.JvmPlugin),Set(Atom(sbt.plugins.IvyPlugin))), Clause(Atom(sbt.ScriptedPlugin),Set(Atom(sbt.plugins.JvmPlugin))), Clause(Atom(sbt.plugins.SbtPlugin),Set(Atom(sbt.ScriptedPlugin))), Clause(Atom(sbt.plugins.SemanticdbPlugin),Set(Atom(sbt.plugins.JvmPlugin))), Clause(Atom(sbt.plugins.JUnitXmlReportPlugin),Set(Atom(sbt.plugins.JvmPlugin))), Clause(Atom(sbt.plugins.MiniDependencyTreePlugin),Set(Atom(sbt.plugins.JvmPlugin))), Clause(Atom(org.jetbrains.sbt.StructurePlugin),Set(Atom(sbt.plugins.JvmPlugin))), Clause(Atom(org.jetbrains.sbt.IdeaShellPlugin),Set(Atom(sbt.plugins.JvmPlugin))), Clause(Atom(org.jetbrains.sbt.indices.SbtIntellijIndicesPlugin),Set(Atom(sbt.plugins.JvmPlugin))), Clause(Atom(sbt.plugins.CorePlugin),Set(Atom(sbt.plugins.IvyPlugin))), Clause(Atom(sbt.plugins.IvyPlugin),Set(Atom(sbt.plugins.JvmPlugin))), Clause(Atom(sbt.plugins.JvmPlugin),Set(Atom(sbt.plugins.SemanticdbPlugin))), Clause(Atom(sbt.plugins.JvmPlugin),Set(Atom(sbt.plugins.JUnitXmlReportPlugin))), Clause(Atom(sbt.plugins.CorePlugin),Set(Atom(sbt.plugins.Giter8TemplatePlugin))), Clause(Atom(sbt.plugins.JvmPlugin),Set(Atom(sbt.plugins.MiniDependencyTreePlugin))), Clause(Atom(sbt.plugins.JvmPlugin),Set(Atom(org.jetbrains.sbt.StructurePlugin))), Clause(Atom(sbt.plugins.JvmPlugin),Set(Atom(org.jetbrains.sbt.IdeaShellPlugin))), Clause(And(Set(Atom(sbt.plugins.CorePlugin), Atom(sbt.plugins.JvmPlugin))),Set(Atom(org.jetbrains.sbt.indices.SbtIntellijIndicesPlugin)))))
[debug]   :: deduced result: Matched(sbt.plugins.CorePlugin,sbt.plugins.Giter8TemplatePlugin,sbt.plugins.IvyPlugin,sbt.plugins.JvmPlugin,sbt.plugins.SemanticdbPlugin,org.jetbrains.sbt.indices.SbtIntellijIndicesPlugin,sbt.plugins.JUnitXmlReportPlugin,org.jetbrains.sbt.IdeaShellPlugin,org.jetbrains.sbt.StructurePlugin,sbt.plugins.MiniDependencyTreePlugin)
[debug] Plugins.deducer#function took 5.6821 ms
[info] loading settings for project os2-animator from build.sbt ...
[debug]         Load.resolveProject(os2-animator) took 31.1343ms
[debug]       Load.loadTransitive: finalizeProject(Project(id os2-animator, base: C:\Users\User1\IdeaProjects\OS2 animator, plugins: List(<none>))) took 39.0786ms
[debug] [Loading] Done in C:\Users\User1\IdeaProjects\OS2 animator, returning: (os2-animator)
[debug]     Load.loadUnit: loadedProjectsRaw took 7378.7278ms
[debug]     Load.loadUnit: cleanEvalClasses took 15.8652ms
[debug]   Load.loadUnit(file:/C:/Users/User1/IdeaProjects/OS2%20animator/, ...) took 9889.7471ms
[debug] Load.apply: load took 9896.9055ms
[debug] Load.apply: resolveProjects took 0.0746ms
[debug] Load.apply: finalTransforms took 33.5722ms
[debug] Load.apply: config.delegates took 0.5468ms
[debug] Load.apply: Def.make(settings)... took 311.3849ms
[debug] Load.apply: structureIndex took 66.7868ms
[debug] Load.apply: mkStreams took 0.0029ms
[info] set current project to OS2 animator (in build file:/C:/Users/User1/IdeaProjects/OS2%20animator/)
[debug] > Exec(sbtPopOnFailure, None, None)
[debug] > Exec(resumeFromFailure, None, None)
[debug] > Exec(notifyUsersAboutShell, None, None)
[debug] > Exec(iflast shell, None, None)
[debug] > Exec(; set ideaPort in Global := 55642 ; idea-shell, None, None)
[debug] > Exec(set ideaPort in Global := 55642, None, None)
[info] Defining Global / ideaPort
[info] The new value will be used by Compile / compile, Test / compile
[debug] Defining 
[debug] 	Global / ideaPort
[debug] 
[debug] The new value will be used by 
[debug] 	Compile / compile
[debug] 	Test / compile
[info] Reapplying settings...
[info] set current project to OS2 animator (in build file:/C:/Users/User1/IdeaProjects/OS2%20animator/)
[debug] > Exec(idea-shell, None, None)
